18-May-2020 19:57:58.221 信息 [main] org.apache.catalina.startup.VersionLoggerListener.log Server.服务器版本: Apache Tomcat/9.0.35
18-May-2020 19:57:58.224 信息 [main] org.apache.catalina.startup.VersionLoggerListener.log 服务器构建:        May 5 2020 20:36:20 UTC
18-May-2020 19:57:58.224 信息 [main] org.apache.catalina.startup.VersionLoggerListener.log 服务器版本号(:     9.0.35.0
18-May-2020 19:57:58.225 信息 [main] org.apache.catalina.startup.VersionLoggerListener.log 操作系统名称:      Mac OS X
18-May-2020 19:57:58.225 信息 [main] org.apache.catalina.startup.VersionLoggerListener.log OS.版本:           10.13.4
18-May-2020 19:57:58.225 信息 [main] org.apache.catalina.startup.VersionLoggerListener.log 架构:              x86_64
18-May-2020 19:57:58.225 信息 [main] org.apache.catalina.startup.VersionLoggerListener.log Java 环境变量:     /Library/Java/JavaVirtualMachines/jdk1.8.0_181.jdk/Contents/Home/jre
18-May-2020 19:57:58.225 信息 [main] org.apache.catalina.startup.VersionLoggerListener.log Java虚拟机版本:    1.8.0_181-b13
18-May-2020 19:57:58.225 信息 [main] org.apache.catalina.startup.VersionLoggerListener.log JVM.供应商:        Oracle Corporation
18-May-2020 19:57:58.225 信息 [main] org.apache.catalina.startup.VersionLoggerListener.log CATALINA_BASE:     /Users/admin/Documents/lagou-edu/homework/Cluster-base/apache-tomcat-9.0.35-2
18-May-2020 19:57:58.225 信息 [main] org.apache.catalina.startup.VersionLoggerListener.log CATALINA_HOME:     /Users/admin/Documents/lagou-edu/homework/Cluster-base/apache-tomcat-9.0.35-2
18-May-2020 19:57:58.231 信息 [main] org.apache.catalina.startup.VersionLoggerListener.log 命令行参数：-Djava.util.logging.config.file=/Users/admin/Documents/lagou-edu/homework/Cluster-base/apache-tomcat-9.0.35-2/conf/logging.properties
18-May-2020 19:57:58.231 信息 [main] org.apache.catalina.startup.VersionLoggerListener.log 命令行参数：-Djava.util.logging.manager=org.apache.juli.ClassLoaderLogManager
18-May-2020 19:57:58.231 信息 [main] org.apache.catalina.startup.VersionLoggerListener.log 命令行参数：-Djdk.tls.ephemeralDHKeySize=2048
18-May-2020 19:57:58.231 信息 [main] org.apache.catalina.startup.VersionLoggerListener.log 命令行参数：-Djava.protocol.handler.pkgs=org.apache.catalina.webresources
18-May-2020 19:57:58.231 信息 [main] org.apache.catalina.startup.VersionLoggerListener.log 命令行参数：-Dorg.apache.catalina.security.SecurityListener.UMASK=0027
18-May-2020 19:57:58.231 信息 [main] org.apache.catalina.startup.VersionLoggerListener.log 命令行参数：-Dignore.endorsed.dirs=
18-May-2020 19:57:58.231 信息 [main] org.apache.catalina.startup.VersionLoggerListener.log 命令行参数：-Dcatalina.base=/Users/admin/Documents/lagou-edu/homework/Cluster-base/apache-tomcat-9.0.35-2
18-May-2020 19:57:58.232 信息 [main] org.apache.catalina.startup.VersionLoggerListener.log 命令行参数：-Dcatalina.home=/Users/admin/Documents/lagou-edu/homework/Cluster-base/apache-tomcat-9.0.35-2
18-May-2020 19:57:58.232 信息 [main] org.apache.catalina.startup.VersionLoggerListener.log 命令行参数：-Djava.io.tmpdir=/Users/admin/Documents/lagou-edu/homework/Cluster-base/apache-tomcat-9.0.35-2/temp
18-May-2020 19:57:58.232 信息 [main] org.apache.catalina.core.AprLifecycleListener.lifecycleEvent 在java.library.path:[/Users/admin/Library/Java/Extensions:/Library/Java/Extensions:/Network/Library/Java/Extensions:/System/Library/Java/Extensions:/usr/lib/java:.]上找不到基于APR的Apache Tomcat本机库，该库允许在生产环境中获得最佳性能
18-May-2020 19:57:58.575 信息 [main] org.apache.coyote.AbstractProtocol.init 初始化协议处理器 ["http-nio-8082"]
18-May-2020 19:57:58.612 信息 [main] org.apache.catalina.startup.Catalina.load 服务器在[621]毫秒内初始化
18-May-2020 19:57:58.636 信息 [main] org.apache.catalina.core.StandardService.startInternal 正在启动服务[Catalina]
18-May-2020 19:57:58.637 信息 [main] org.apache.catalina.core.StandardEngine.startInternal 正在启动 Servlet 引擎：[Apache Tomcat/9.0.35]
18-May-2020 19:57:58.658 信息 [main] org.apache.catalina.startup.HostConfig.deployWAR 正在部署web应用程序存档文件[/Users/admin/Documents/lagou-edu/homework/Cluster-base/apache-tomcat-9.0.35-2/webapps/loginProject.war]
18-May-2020 19:58:02.974 信息 [main] org.apache.jasper.servlet.TldScanner.scanJars 至少有一个JAR被扫描用于TLD但尚未包含TLD。 为此记录器启用调试日志记录，以获取已扫描但未在其中找到TLD的完整JAR列表。 在扫描期间跳过不需要的JAR可以缩短启动时间和JSP编译时间。
18-May-2020 19:58:12.679 信息 [main] org.apache.catalina.startup.HostConfig.deployWAR web应用程序存档文件[/Users/admin/Documents/lagou-edu/homework/Cluster-base/apache-tomcat-9.0.35-2/webapps/loginProject.war]的部署已在[14,022]ms内完成
18-May-2020 19:58:12.679 信息 [main] org.apache.catalina.startup.HostConfig.deployDirectory 把web 应用程序部署到目录 [/Users/admin/Documents/lagou-edu/homework/Cluster-base/apache-tomcat-9.0.35-2/webapps/docs]
18-May-2020 19:58:12.694 信息 [main] org.apache.catalina.startup.HostConfig.deployDirectory Web应用程序目录[/Users/admin/Documents/lagou-edu/homework/Cluster-base/apache-tomcat-9.0.35-2/webapps/docs]的部署已在[15]毫秒内完成
18-May-2020 19:58:12.694 信息 [main] org.apache.catalina.startup.HostConfig.deployDirectory 把web 应用程序部署到目录 [/Users/admin/Documents/lagou-edu/homework/Cluster-base/apache-tomcat-9.0.35-2/webapps/manager]
18-May-2020 19:58:12.720 信息 [main] org.apache.catalina.startup.HostConfig.deployDirectory Web应用程序目录[/Users/admin/Documents/lagou-edu/homework/Cluster-base/apache-tomcat-9.0.35-2/webapps/manager]的部署已在[26]毫秒内完成
18-May-2020 19:58:12.720 信息 [main] org.apache.catalina.startup.HostConfig.deployDirectory 把web 应用程序部署到目录 [/Users/admin/Documents/lagou-edu/homework/Cluster-base/apache-tomcat-9.0.35-2/webapps/examples]
18-May-2020 19:58:12.915 信息 [main] org.apache.catalina.startup.HostConfig.deployDirectory Web应用程序目录[/Users/admin/Documents/lagou-edu/homework/Cluster-base/apache-tomcat-9.0.35-2/webapps/examples]的部署已在[195]毫秒内完成
18-May-2020 19:58:12.916 信息 [main] org.apache.catalina.startup.HostConfig.deployDirectory 把web 应用程序部署到目录 [/Users/admin/Documents/lagou-edu/homework/Cluster-base/apache-tomcat-9.0.35-2/webapps/ROOT]
18-May-2020 19:58:12.929 信息 [main] org.apache.catalina.startup.HostConfig.deployDirectory Web应用程序目录[/Users/admin/Documents/lagou-edu/homework/Cluster-base/apache-tomcat-9.0.35-2/webapps/ROOT]的部署已在[13]毫秒内完成
18-May-2020 19:58:12.929 信息 [main] org.apache.catalina.startup.HostConfig.deployDirectory 把web 应用程序部署到目录 [/Users/admin/Documents/lagou-edu/homework/Cluster-base/apache-tomcat-9.0.35-2/webapps/host-manager]
18-May-2020 19:58:12.946 信息 [main] org.apache.catalina.startup.HostConfig.deployDirectory Web应用程序目录[/Users/admin/Documents/lagou-edu/homework/Cluster-base/apache-tomcat-9.0.35-2/webapps/host-manager]的部署已在[17]毫秒内完成
18-May-2020 19:58:12.950 信息 [main] org.apache.coyote.AbstractProtocol.start 开始协议处理句柄["http-nio-8082"]
18-May-2020 19:58:12.960 信息 [main] org.apache.catalina.startup.Catalina.start [14,347]毫秒后服务器启动
