18-May-2020 18:29:10.703 信息 [main] org.apache.catalina.core.ApplicationContext.log 1 Spring WebApplicationInitializers detected on classpath
18-May-2020 18:29:11.039 信息 [main] org.apache.catalina.core.ApplicationContext.log ContextListener: contextInitialized()
18-May-2020 18:29:11.039 信息 [main] org.apache.catalina.core.ApplicationContext.log SessionListener: contextInitialized()
18-May-2020 18:29:11.040 信息 [main] org.apache.catalina.core.ApplicationContext.log ContextListener: attributeAdded('StockTicker', 'async.Stockticker@40bf2ead')
18-May-2020 19:06:16.607 信息 [main] org.apache.catalina.core.ApplicationContext.log SessionListener: contextDestroyed()
18-May-2020 19:06:16.607 信息 [main] org.apache.catalina.core.ApplicationContext.log ContextListener: contextDestroyed()
18-May-2020 19:06:38.890 信息 [main] org.apache.catalina.core.ApplicationContext.log 1 Spring WebApplicationInitializers detected on classpath
18-May-2020 19:06:39.241 信息 [main] org.apache.catalina.core.ApplicationContext.log ContextListener: contextInitialized()
18-May-2020 19:06:39.242 信息 [main] org.apache.catalina.core.ApplicationContext.log SessionListener: contextInitialized()
18-May-2020 19:06:39.243 信息 [main] org.apache.catalina.core.ApplicationContext.log ContextListener: attributeAdded('StockTicker', 'async.Stockticker@4b2c1cbf')
18-May-2020 19:25:40.448 严重 [Catalina-utility-1] org.apache.catalina.core.StandardContext.listenerStop 例外情况发送上下文删除事件[ch.qos.logback.classic.servlet.LogbackServletContextListener]，以便列表实例
	java.lang.IllegalStateException: java.io.FileNotFoundException: /Users/admin/Documents/lagou-edu/homework/Cluster-base/apache-tomcat-9.0.35/webapps/springboot-sss/WEB-INF/lib/jaxb-runtime-2.3.3.jar (No such file or directory)
		at org.apache.catalina.webresources.AbstractSingleArchiveResourceSet.getArchiveEntry(AbstractSingleArchiveResourceSet.java:101)
		at org.apache.catalina.webresources.AbstractArchiveResourceSet.getResource(AbstractArchiveResourceSet.java:256)
		at org.apache.catalina.webresources.StandardRoot.getResourceInternal(StandardRoot.java:281)
		at org.apache.catalina.webresources.Cache.getResource(Cache.java:62)
		at org.apache.catalina.webresources.StandardRoot.getResource(StandardRoot.java:216)
		at org.apache.catalina.webresources.StandardRoot.getClassLoaderResource(StandardRoot.java:225)
		at org.apache.catalina.loader.WebappClassLoaderBase.findClassInternal(WebappClassLoaderBase.java:2302)
		at org.apache.catalina.loader.WebappClassLoaderBase.findClass(WebappClassLoaderBase.java:865)
		at org.apache.catalina.loader.WebappClassLoaderBase.loadClass(WebappClassLoaderBase.java:1334)
		at org.apache.catalina.loader.WebappClassLoaderBase.loadClass(WebappClassLoaderBase.java:1188)
		at ch.qos.logback.core.ContextBase.getLifeCycleManager(ContextBase.java:260)
		at ch.qos.logback.core.ContextBase.reset(ContextBase.java:175)
		at ch.qos.logback.classic.LoggerContext.reset(LoggerContext.java:220)
		at ch.qos.logback.classic.LoggerContext.stop(LoggerContext.java:348)
		at ch.qos.logback.classic.servlet.LogbackServletContextListener.contextDestroyed(LogbackServletContextListener.java:36)
		at org.apache.catalina.core.StandardContext.listenerStop(StandardContext.java:4730)
		at org.apache.catalina.core.StandardContext.stopInternal(StandardContext.java:5397)
		at org.apache.catalina.util.LifecycleBase.stop(LifecycleBase.java:257)
		at org.apache.catalina.core.ContainerBase.removeChild(ContainerBase.java:805)
		at org.apache.catalina.startup.HostConfig.undeploy(HostConfig.java:1425)
		at org.apache.catalina.startup.HostConfig.checkResources(HostConfig.java:1352)
		at org.apache.catalina.startup.HostConfig.check(HostConfig.java:1611)
		at org.apache.catalina.startup.HostConfig.lifecycleEvent(HostConfig.java:305)
		at org.apache.catalina.util.LifecycleBase.fireLifecycleEvent(LifecycleBase.java:123)
		at org.apache.catalina.core.ContainerBase.backgroundProcess(ContainerBase.java:1151)
		at org.apache.catalina.core.ContainerBase$ContainerBackgroundProcessor.processChildren(ContainerBase.java:1353)
		at org.apache.catalina.core.ContainerBase$ContainerBackgroundProcessor.processChildren(ContainerBase.java:1357)
		at org.apache.catalina.core.ContainerBase$ContainerBackgroundProcessor.run(ContainerBase.java:1335)
		at java.util.concurrent.Executors$RunnableAdapter.call(Executors.java:511)
		at java.util.concurrent.FutureTask.runAndReset(FutureTask.java:308)
		at java.util.concurrent.ScheduledThreadPoolExecutor$ScheduledFutureTask.access$301(ScheduledThreadPoolExecutor.java:180)
		at java.util.concurrent.ScheduledThreadPoolExecutor$ScheduledFutureTask.run(ScheduledThreadPoolExecutor.java:294)
		at java.util.concurrent.ThreadPoolExecutor.runWorker(ThreadPoolExecutor.java:1149)
		at java.util.concurrent.ThreadPoolExecutor$Worker.run(ThreadPoolExecutor.java:624)
		at org.apache.tomcat.util.threads.TaskThread$WrappingRunnable.run(TaskThread.java:61)
		at java.lang.Thread.run(Thread.java:748)
	Caused by: java.io.FileNotFoundException: /Users/admin/Documents/lagou-edu/homework/Cluster-base/apache-tomcat-9.0.35/webapps/springboot-sss/WEB-INF/lib/jaxb-runtime-2.3.3.jar (No such file or directory)
		at java.util.zip.ZipFile.open(Native Method)
		at java.util.zip.ZipFile.<init>(ZipFile.java:225)
		at java.util.zip.ZipFile.<init>(ZipFile.java:155)
		at java.util.jar.JarFile.<init>(JarFile.java:166)
		at java.util.jar.JarFile.<init>(JarFile.java:130)
		at org.apache.tomcat.util.compat.JreCompat.jarFileNewInstance(JreCompat.java:184)
		at org.apache.tomcat.util.compat.JreCompat.jarFileNewInstance(JreCompat.java:169)
		at org.apache.catalina.webresources.AbstractArchiveResourceSet.openJarFile(AbstractArchiveResourceSet.java:307)
		at org.apache.catalina.webresources.AbstractSingleArchiveResourceSet.getArchiveEntry(AbstractSingleArchiveResourceSet.java:97)
		... 35 more
18-May-2020 19:25:43.788 信息 [Catalina-utility-1] org.apache.catalina.core.ApplicationContext.log 1 Spring WebApplicationInitializers detected on classpath
18-May-2020 19:25:57.751 信息 [Catalina-utility-2] org.apache.catalina.core.ApplicationContext.log 1 Spring WebApplicationInitializers detected on classpath
18-May-2020 19:26:11.622 信息 [Catalina-utility-2] org.apache.catalina.core.ApplicationContext.log 1 Spring WebApplicationInitializers detected on classpath
18-May-2020 19:32:23.473 信息 [main] org.apache.catalina.core.ApplicationContext.log SessionListener: contextDestroyed()
18-May-2020 19:32:23.473 信息 [main] org.apache.catalina.core.ApplicationContext.log ContextListener: contextDestroyed()
18-May-2020 19:50:08.642 信息 [main] org.apache.catalina.core.ApplicationContext.log 2 Spring WebApplicationInitializers detected on classpath
18-May-2020 19:50:11.807 信息 [main] org.apache.catalina.core.ApplicationContext.log Initializing Spring embedded WebApplicationContext
18-May-2020 19:50:18.075 信息 [main] org.apache.catalina.core.ApplicationContext.log ContextListener: contextInitialized()
18-May-2020 19:50:18.075 信息 [main] org.apache.catalina.core.ApplicationContext.log SessionListener: contextInitialized()
18-May-2020 19:50:18.077 信息 [main] org.apache.catalina.core.ApplicationContext.log ContextListener: attributeAdded('StockTicker', 'async.Stockticker@41b8e985')
18-May-2020 19:50:22.454 信息 [http-nio-8080-exec-1] org.apache.catalina.core.ApplicationContext.log Initializing Spring DispatcherServlet 'dispatcherServlet'
